<?xml version="1.0" encoding="UTF-8"?>
<!-- Generated by org.testng.reporters.JUnitXMLReporter -->
<testsuite hostname="DESKTOP-5BQ0K9K" ignored="0" name="Default test" tests="7" failures="1" timestamp="08 Apr 2018 19:15:44 GMT" time="0.099" errors="0">
  <testcase name="loginTest" time="0.0" classname="testCases.TestCases">
    <failure type="org.testng.TestNGException" message="
Parameter &amp;apos;email&amp;apos; is required by @Test on method loginTest but has not been marked @Optional or defined
in C:\Users\Almin\AppData\Local\Temp\testng-eclipse-1563541486\testng-customsuite.xml">
      <![CDATA[org.testng.TestNGException: 
Parameter 'email' is required by @Test on method loginTest but has not been marked @Optional or defined
in C:\Users\Almin\AppData\Local\Temp\testng-eclipse-1563541486\testng-customsuite.xml
at org.testng.internal.Parameters.createParams(Parameters.java:290)
at org.testng.internal.Parameters.createParametersForMethod(Parameters.java:359)
at org.testng.internal.Parameters.createParameters(Parameters.java:620)
at org.testng.internal.Parameters.handleParameters(Parameters.java:769)
at org.testng.internal.ParameterHandler.handleParameters(ParameterHandler.java:49)
at org.testng.internal.ParameterHandler.createParameters(ParameterHandler.java:37)
at org.testng.internal.Invoker.invokeTestMethods(Invoker.java:923)
at org.testng.internal.TestMethodWorker.invokeTestMethods(TestMethodWorker.java:125)
at org.testng.internal.TestMethodWorker.run(TestMethodWorker.java:109)
at org.testng.TestRunner.privateRun(TestRunner.java:648)
at org.testng.TestRunner.run(TestRunner.java:505)
at org.testng.SuiteRunner.runTest(SuiteRunner.java:455)
at org.testng.SuiteRunner.runSequentially(SuiteRunner.java:450)
at org.testng.SuiteRunner.privateRun(SuiteRunner.java:415)
at org.testng.SuiteRunner.run(SuiteRunner.java:364)
at org.testng.SuiteRunnerWorker.runSuite(SuiteRunnerWorker.java:52)
at org.testng.SuiteRunnerWorker.run(SuiteRunnerWorker.java:84)
at org.testng.TestNG.runSuitesSequentially(TestNG.java:1208)
at org.testng.TestNG.runSuitesLocally(TestNG.java:1137)
at org.testng.TestNG.runSuites(TestNG.java:1049)
at org.testng.TestNG.run(TestNG.java:1017)
at org.testng.remote.AbstractRemoteTestNG.run(AbstractRemoteTestNG.java:114)
at org.testng.remote.RemoteTestNG.initAndRun(RemoteTestNG.java:251)
at org.testng.remote.RemoteTestNG.main(RemoteTestNG.java:77)
]]>
    </failure>
  </testcase> <!-- loginTest -->
  <testcase name="openConversionTrackersTest" time="0.0" classname="testCases.TestCases">
    <skipped/>
  </testcase> <!-- openConversionTrackersTest -->
  <testcase name="vertifyConversionTrackersContent" time="0.0" classname="testCases.TestCases">
    <skipped/>
  </testcase> <!-- vertifyConversionTrackersContent -->
  <testcase name="openCreateConversionTrackerModal" time="0.0" classname="testCases.TestCases">
    <skipped/>
  </testcase> <!-- openCreateConversionTrackerModal -->
  <testcase name="verifyConversionTrackerModal" time="0.0" classname="testCases.TestCases">
    <skipped/>
  </testcase> <!-- verifyConversionTrackerModal -->
  <testcase name="verifyMandatoryFields" time="0.0" classname="testCases.TestCases">
    <skipped/>
  </testcase> <!-- verifyMandatoryFields -->
  <testcase name="addNewConversionTracker" time="0.0" classname="testCases.TestCases">
    <skipped/>
  </testcase> <!-- addNewConversionTracker -->
</testsuite> <!-- Default test -->
